<?xml version="1.0" encoding="UTF-8"?>
<coverage generated="1508736865469" clover="3.2.0">
  <project timestamp="1508736865469" name="All files">
    <metrics statements="161" coveredstatements="160" conditionals="83" coveredconditionals="78" methods="28" coveredmethods="27" elements="272" coveredelements="265" complexity="0" loc="161" ncloc="161" packages="6" files="11" classes="11">
      <package name="Web">
        <metrics statements="0" coveredstatements="0" conditionals="0" coveredconditionals="0" methods="0" coveredmethods="0"/>
        <file name="apin.test.config.js" path="/Users/oliver/Documents/Projects/JS/Web/apin.test.config.js">
          <metrics statements="0" coveredstatements="0" conditionals="0" coveredconditionals="0" methods="0" coveredmethods="0"/>
        </file>
      </package>
      <package name="Web.api">
        <metrics statements="51" coveredstatements="51" conditionals="32" coveredconditionals="31" methods="7" coveredmethods="7"/>
        <file name="ApiTool.js" path="/Users/oliver/Documents/Projects/JS/Web/api/ApiTool.js">
          <metrics statements="9" coveredstatements="9" conditionals="0" coveredconditionals="0" methods="3" coveredmethods="3"/>
          <line num="1" count="8" type="stmt"/>
          <line num="3" count="8" type="stmt"/>
          <line num="5" count="8" type="stmt"/>
          <line num="6" count="9" type="stmt"/>
          <line num="9" count="8" type="stmt"/>
          <line num="10" count="1" type="stmt"/>
          <line num="13" count="8" type="stmt"/>
          <line num="14" count="1" type="stmt"/>
          <line num="17" count="8" type="stmt"/>
        </file>
        <file name="ExternalConfig.js" path="/Users/oliver/Documents/Projects/JS/Web/api/ExternalConfig.js">
          <metrics statements="21" coveredstatements="21" conditionals="12" coveredconditionals="11" methods="0" coveredmethods="0"/>
          <line num="1" count="4" type="stmt"/>
          <line num="2" count="4" type="stmt"/>
          <line num="3" count="4" type="stmt"/>
          <line num="5" count="4" type="stmt"/>
          <line num="7" count="4" type="cond" truecount="2" falsecount="0"/>
          <line num="8" count="1" type="stmt"/>
          <line num="10" count="3" type="cond" truecount="1" falsecount="1"/>
          <line num="11" count="3" type="stmt"/>
          <line num="13" count="3" type="stmt"/>
          <line num="14" count="15" type="cond" truecount="2" falsecount="0"/>
          <line num="15" count="15" type="stmt"/>
          <line num="16" count="15" type="cond" truecount="2" falsecount="0"/>
          <line num="17" count="1" type="stmt"/>
          <line num="18" count="1" type="stmt"/>
          <line num="19" count="1" type="stmt"/>
          <line num="20" count="1" type="stmt"/>
          <line num="22" count="14" type="stmt"/>
          <line num="24" count="3" type="cond" truecount="2" falsecount="0"/>
          <line num="26" count="2" type="stmt"/>
          <line num="29" count="3" type="cond" truecount="2" falsecount="0"/>
          <line num="33" count="4" type="stmt"/>
        </file>
        <file name="ServerConfig.js" path="/Users/oliver/Documents/Projects/JS/Web/api/ServerConfig.js">
          <metrics statements="5" coveredstatements="5" conditionals="2" coveredconditionals="2" methods="1" coveredmethods="1"/>
          <line num="1" count="1" type="stmt"/>
          <line num="2" count="1" type="stmt"/>
          <line num="7" count="2" type="stmt"/>
          <line num="8" count="2" type="cond" truecount="2" falsecount="0"/>
          <line num="14" count="1" type="stmt"/>
        </file>
        <file name="WebpackConfig.js" path="/Users/oliver/Documents/Projects/JS/Web/api/WebpackConfig.js">
          <metrics statements="16" coveredstatements="16" conditionals="18" coveredconditionals="18" methods="3" coveredmethods="3"/>
          <line num="1" count="2" type="stmt"/>
          <line num="2" count="2" type="stmt"/>
          <line num="3" count="2" type="stmt"/>
          <line num="4" count="2" type="stmt"/>
          <line num="5" count="2" type="stmt"/>
          <line num="9" count="5" type="stmt"/>
          <line num="13" count="3" type="stmt"/>
          <line num="14" count="3" type="stmt"/>
          <line num="15" count="3" type="cond" truecount="5" falsecount="0"/>
          <line num="17" count="3" type="stmt"/>
          <line num="18" count="3" type="cond" truecount="4" falsecount="0"/>
          <line num="26" count="3" type="stmt"/>
          <line num="30" count="2" type="stmt"/>
          <line num="31" count="2" type="cond" truecount="4" falsecount="0"/>
          <line num="33" count="2" type="cond" truecount="4" falsecount="0"/>
          <line num="38" count="2" type="stmt"/>
        </file>
      </package>
      <package name="Web.config.server">
        <metrics statements="4" coveredstatements="4" conditionals="0" coveredconditionals="0" methods="0" coveredmethods="0"/>
        <file name="setting.js" path="/Users/oliver/Documents/Projects/JS/Web/config/server/setting.js">
          <metrics statements="4" coveredstatements="4" conditionals="0" coveredconditionals="0" methods="0" coveredmethods="0"/>
          <line num="1" count="1" type="stmt"/>
          <line num="2" count="1" type="stmt"/>
          <line num="3" count="1" type="stmt"/>
          <line num="21" count="1" type="stmt"/>
        </file>
      </package>
      <package name="Web.config.webpack">
        <metrics statements="28" coveredstatements="27" conditionals="2" coveredconditionals="2" methods="11" coveredmethods="10"/>
        <file name="loader.js" path="/Users/oliver/Documents/Projects/JS/Web/config/webpack/loader.js">
          <metrics statements="9" coveredstatements="8" conditionals="0" coveredconditionals="0" methods="4" coveredmethods="3"/>
          <line num="1" count="2" type="stmt"/>
          <line num="15" count="2" type="stmt"/>
          <line num="17" count="2" type="stmt"/>
          <line num="19" count="2" type="stmt"/>
          <line num="28" count="0" type="stmt"/>
          <line num="34" count="2" type="stmt"/>
          <line num="35" count="2" type="stmt"/>
          <line num="36" count="2" type="stmt"/>
          <line num="42" count="2" type="stmt"/>
        </file>
        <file name="plugins.js" path="/Users/oliver/Documents/Projects/JS/Web/config/webpack/plugins.js">
          <metrics statements="14" coveredstatements="14" conditionals="2" coveredconditionals="2" methods="7" coveredmethods="7"/>
          <line num="1" count="2" type="stmt"/>
          <line num="3" count="2" type="stmt"/>
          <line num="5" count="2" type="stmt"/>
          <line num="6" count="4" type="cond" truecount="2" falsecount="0"/>
          <line num="10" count="2" type="stmt"/>
          <line num="13" count="2" type="stmt"/>
          <line num="14" count="2" type="stmt"/>
          <line num="17" count="2" type="stmt"/>
          <line num="18" count="2" type="stmt"/>
          <line num="21" count="2" type="stmt"/>
          <line num="22" count="2" type="stmt"/>
          <line num="25" count="2" type="stmt"/>
          <line num="26" count="2" type="stmt"/>
          <line num="30" count="2" type="stmt"/>
        </file>
        <file name="setting.js" path="/Users/oliver/Documents/Projects/JS/Web/config/webpack/setting.js">
          <metrics statements="5" coveredstatements="5" conditionals="0" coveredconditionals="0" methods="0" coveredmethods="0"/>
          <line num="1" count="2" type="stmt"/>
          <line num="2" count="2" type="stmt"/>
          <line num="3" count="2" type="stmt"/>
          <line num="4" count="2" type="stmt"/>
          <line num="5" count="2" type="stmt"/>
        </file>
      </package>
      <package name="Web.network.server.controllers">
        <metrics statements="36" coveredstatements="36" conditionals="23" coveredconditionals="22" methods="10" coveredmethods="10"/>
        <file name="BaseController.js" path="/Users/oliver/Documents/Projects/JS/Web/network/server/controllers/BaseController.js">
          <metrics statements="36" coveredstatements="36" conditionals="23" coveredconditionals="22" methods="10" coveredmethods="10"/>
          <line num="1" count="1" type="stmt"/>
          <line num="9" count="17" type="stmt"/>
          <line num="10" count="17" type="stmt"/>
          <line num="17" count="2" type="stmt"/>
          <line num="23" count="3" type="stmt"/>
          <line num="29" count="1" type="stmt"/>
          <line num="36" count="1" type="stmt"/>
          <line num="37" count="1" type="stmt"/>
          <line num="42" count="1" type="stmt"/>
          <line num="43" count="13" type="cond" truecount="1" falsecount="1"/>
          <line num="44" count="13" type="cond" truecount="2" falsecount="0"/>
          <line num="48" count="1" type="stmt"/>
          <line num="55" count="2" type="cond" truecount="2" falsecount="0"/>
          <line num="63" count="2" type="cond" truecount="2" falsecount="0"/>
          <line num="64" count="2" type="stmt"/>
          <line num="65" count="8" type="cond" truecount="2" falsecount="0"/>
          <line num="66" count="8" type="cond" truecount="2" falsecount="0"/>
          <line num="67" count="8" type="stmt"/>
          <line num="69" count="2" type="stmt"/>
          <line num="76" count="3" type="stmt"/>
          <line num="77" count="3" type="stmt"/>
          <line num="78" count="3" type="cond" truecount="4" falsecount="0"/>
          <line num="88" count="4" type="stmt"/>
          <line num="89" count="4" type="cond" truecount="3" falsecount="0"/>
          <line num="91" count="4" type="stmt"/>
          <line num="94" count="4" type="stmt"/>
          <line num="95" count="4" type="cond" truecount="2" falsecount="0"/>
          <line num="96" count="1" type="stmt"/>
          <line num="97" count="1" type="stmt"/>
          <line num="99" count="3" type="stmt"/>
          <line num="100" count="3" type="stmt"/>
          <line num="101" count="3" type="cond" truecount="2" falsecount="0"/>
          <line num="102" count="2" type="stmt"/>
          <line num="104" count="1" type="stmt"/>
          <line num="105" count="1" type="stmt"/>
          <line num="112" count="1" type="stmt"/>
        </file>
      </package>
      <package name="Web.utils">
        <metrics statements="42" coveredstatements="42" conditionals="26" coveredconditionals="23" methods="0" coveredmethods="0"/>
        <file name="CookieHelp.js" path="/Users/oliver/Documents/Projects/JS/Web/utils/CookieHelp.js">
          <metrics statements="42" coveredstatements="42" conditionals="26" coveredconditionals="23" methods="0" coveredmethods="0"/>
          <line num="5" count="1" type="stmt"/>
          <line num="11" count="4" type="cond" truecount="2" falsecount="0"/>
          <line num="12" count="2" type="stmt"/>
          <line num="14" count="4" type="stmt"/>
          <line num="15" count="4" type="stmt"/>
          <line num="23" count="4" type="cond" truecount="2" falsecount="0"/>
          <line num="24" count="2" type="stmt"/>
          <line num="25" count="2" type="cond" truecount="4" falsecount="0"/>
          <line num="26" count="1" type="stmt"/>
          <line num="28" count="1" type="stmt"/>
          <line num="31" count="2" type="cond" truecount="2" falsecount="0"/>
          <line num="41" count="2" type="stmt"/>
          <line num="42" count="2" type="stmt"/>
          <line num="45" count="1" type="stmt"/>
          <line num="52" count="5" type="cond" truecount="2" falsecount="0"/>
          <line num="53" count="3" type="stmt"/>
          <line num="54" count="3" type="cond" truecount="1" falsecount="1"/>
          <line num="55" count="3" type="stmt"/>
          <line num="56" count="3" type="stmt"/>
          <line num="57" count="3" type="stmt"/>
          <line num="58" count="3" type="stmt"/>
          <line num="59" count="3" type="cond" truecount="1" falsecount="1"/>
          <line num="60" count="3" type="stmt"/>
          <line num="62" count="3" type="stmt"/>
          <line num="63" count="3" type="stmt"/>
          <line num="66" count="2" type="stmt"/>
          <line num="69" count="7" type="cond" truecount="2" falsecount="0"/>
          <line num="70" count="7" type="stmt"/>
          <line num="73" count="4" type="stmt"/>
          <line num="74" count="4" type="cond" truecount="2" falsecount="0"/>
          <line num="75" count="2" type="stmt"/>
          <line num="77" count="2" type="stmt"/>
          <line num="80" count="4" type="cond" truecount="1" falsecount="1"/>
          <line num="83" count="4" type="cond" truecount="2" falsecount="0"/>
          <line num="84" count="4" type="stmt"/>
          <line num="85" count="4" type="stmt"/>
          <line num="86" count="4" type="stmt"/>
          <line num="91" count="2" type="stmt"/>
          <line num="92" count="2" type="cond" truecount="2" falsecount="0"/>
          <line num="93" count="1" type="stmt"/>
          <line num="94" count="2" type="stmt"/>
          <line num="99" count="1" type="stmt"/>
        </file>
      </package>
    </metrics>
  </project>
</coverage>
