{"/Users/oliver/Documents/Projects/JS/Web/apin.test.config.js": {"path":"/Users/oliver/Documents/Projects/JS/Web/apin.test.config.js","statementMap":{},"fnMap":{},"branchMap":{},"s":{},"f":{},"b":{},"_coverageSchema":"332fd63041d2c1bcb487cc26dd0d5f7d97098a6c","hash":"274fcf0e727c0ed93daa48ab37668ec06273a94c"}
,"/Users/oliver/Documents/Projects/JS/Web/api/ApiTool.js": {"path":"/Users/oliver/Documents/Projects/JS/Web/api/ApiTool.js","statementMap":{"0":{"start":{"line":1,"column":11},"end":{"line":1,"column":26}},"1":{"start":{"line":3,"column":17},"end":{"line":3,"column":30}},"2":{"start":{"line":5,"column":23},"end":{"line":7,"column":1}},"3":{"start":{"line":6,"column":1},"end":{"line":6,"column":39}},"4":{"start":{"line":9,"column":22},"end":{"line":11,"column":1}},"5":{"start":{"line":10,"column":1},"end":{"line":10,"column":19}},"6":{"start":{"line":13,"column":22},"end":{"line":15,"column":1}},"7":{"start":{"line":14,"column":1},"end":{"line":14,"column":18}},"8":{"start":{"line":17,"column":0},"end":{"line":21,"column":1}}},"fnMap":{"0":{"name":"(anonymous_0)","decl":{"start":{"line":5,"column":23},"end":{"line":5,"column":24}},"loc":{"start":{"line":5,"column":35},"end":{"line":7,"column":1}},"line":5},"1":{"name":"(anonymous_1)","decl":{"start":{"line":9,"column":22},"end":{"line":9,"column":23}},"loc":{"start":{"line":9,"column":38},"end":{"line":11,"column":1}},"line":9},"2":{"name":"(anonymous_2)","decl":{"start":{"line":13,"column":22},"end":{"line":13,"column":23}},"loc":{"start":{"line":13,"column":34},"end":{"line":15,"column":1}},"line":13}},"branchMap":{},"s":{"0":8,"1":8,"2":8,"3":9,"4":8,"5":1,"6":8,"7":1,"8":8},"f":{"0":9,"1":1,"2":1},"b":{},"_coverageSchema":"332fd63041d2c1bcb487cc26dd0d5f7d97098a6c","hash":"3cf2c593469494f3e4886d6762105f2b220d668f"}
,"/Users/oliver/Documents/Projects/JS/Web/api/ExternalConfig.js": {"path":"/Users/oliver/Documents/Projects/JS/Web/api/ExternalConfig.js","statementMap":{"0":{"start":{"line":1,"column":9},"end":{"line":1,"column":22}},"1":{"start":{"line":2,"column":8},"end":{"line":2,"column":23}},"2":{"start":{"line":3,"column":11},"end":{"line":3,"column":36}},"3":{"start":{"line":5,"column":21},"end":{"line":31,"column":1}},"4":{"start":{"line":7,"column":2},"end":{"line":9,"column":3}},"5":{"start":{"line":8,"column":3},"end":{"line":8,"column":30}},"6":{"start":{"line":10,"column":18},"end":{"line":10,"column":58}},"7":{"start":{"line":11,"column":18},"end":{"line":11,"column":59}},"8":{"start":{"line":13,"column":2},"end":{"line":23,"column":3}},"9":{"start":{"line":14,"column":21},"end":{"line":14,"column":63}},"10":{"start":{"line":15,"column":15},"end":{"line":15,"column":56}},"11":{"start":{"line":16,"column":3},"end":{"line":21,"column":4}},"12":{"start":{"line":17,"column":4},"end":{"line":17,"column":107}},"13":{"start":{"line":18,"column":4},"end":{"line":18,"column":44}},"14":{"start":{"line":19,"column":4},"end":{"line":19,"column":56}},"15":{"start":{"line":20,"column":4},"end":{"line":20,"column":10}},"16":{"start":{"line":22,"column":3},"end":{"line":22,"column":44}},"17":{"start":{"line":24,"column":2},"end":{"line":28,"column":3}},"18":{"start":{"line":26,"column":3},"end":{"line":26,"column":86}},"19":{"start":{"line":29,"column":2},"end":{"line":29,"column":35}},"20":{"start":{"line":33,"column":0},"end":{"line":33,"column":32}}},"fnMap":{},"branchMap":{"0":{"loc":{"start":{"line":7,"column":2},"end":{"line":9,"column":3}},"type":"if","locations":[{"start":{"line":7,"column":2},"end":{"line":9,"column":3}},{"start":{"line":7,"column":2},"end":{"line":9,"column":3}}],"line":7},"1":{"loc":{"start":{"line":10,"column":18},"end":{"line":10,"column":58}},"type":"cond-expr","locations":[{"start":{"line":10,"column":48},"end":{"line":10,"column":52}},{"start":{"line":10,"column":55},"end":{"line":10,"column":58}}],"line":10},"2":{"loc":{"start":{"line":14,"column":34},"end":{"line":14,"column":62}},"type":"binary-expr","locations":[{"start":{"line":14,"column":34},"end":{"line":14,"column":42}},{"start":{"line":14,"column":46},"end":{"line":14,"column":62}}],"line":14},"3":{"loc":{"start":{"line":16,"column":3},"end":{"line":21,"column":4}},"type":"if","locations":[{"start":{"line":16,"column":3},"end":{"line":21,"column":4}},{"start":{"line":16,"column":3},"end":{"line":21,"column":4}}],"line":16},"4":{"loc":{"start":{"line":24,"column":2},"end":{"line":28,"column":3}},"type":"if","locations":[{"start":{"line":24,"column":2},"end":{"line":28,"column":3}},{"start":{"line":24,"column":2},"end":{"line":28,"column":3}}],"line":24},"5":{"loc":{"start":{"line":29,"column":9},"end":{"line":29,"column":34}},"type":"binary-expr","locations":[{"start":{"line":29,"column":9},"end":{"line":29,"column":28}},{"start":{"line":29,"column":32},"end":{"line":29,"column":34}}],"line":29}},"s":{"0":4,"1":4,"2":4,"3":4,"4":4,"5":1,"6":3,"7":3,"8":3,"9":15,"10":15,"11":15,"12":1,"13":1,"14":1,"15":1,"16":14,"17":3,"18":2,"19":3,"20":4},"f":{},"b":{"0":[1,3],"1":[0,3],"2":[15,7],"3":[1,14],"4":[2,1],"5":[3,2]},"_coverageSchema":"332fd63041d2c1bcb487cc26dd0d5f7d97098a6c","hash":"dad6c6d01c66ede169506bae8965d147abcadd43"}
,"/Users/oliver/Documents/Projects/JS/Web/api/ServerConfig.js": {"path":"/Users/oliver/Documents/Projects/JS/Web/api/ServerConfig.js","statementMap":{"0":{"start":{"line":1,"column":21},"end":{"line":1,"column":48}},"1":{"start":{"line":2,"column":24},"end":{"line":2,"column":59}},"2":{"start":{"line":7,"column":27},"end":{"line":7,"column":72}},"3":{"start":{"line":8,"column":8},"end":{"line":10,"column":30}},"4":{"start":{"line":14,"column":0},"end":{"line":14,"column":30}}},"fnMap":{"0":{"name":"(anonymous_0)","decl":{"start":{"line":5,"column":4},"end":{"line":5,"column":5}},"loc":{"start":{"line":5,"column":26},"end":{"line":11,"column":5}},"line":5}},"branchMap":{"0":{"loc":{"start":{"line":8,"column":15},"end":{"line":10,"column":29}},"type":"cond-expr","locations":[{"start":{"line":9,"column":12},"end":{"line":9,"column":58}},{"start":{"line":10,"column":12},"end":{"line":10,"column":29}}],"line":8}},"s":{"0":1,"1":1,"2":2,"3":2,"4":1},"f":{"0":2},"b":{"0":[1,1]},"_coverageSchema":"332fd63041d2c1bcb487cc26dd0d5f7d97098a6c","hash":"a6c2db8990cac93d46d8f21247a67b7b4a71915b"}
,"/Users/oliver/Documents/Projects/JS/Web/api/WebpackConfig.js": {"path":"/Users/oliver/Documents/Projects/JS/Web/api/WebpackConfig.js","statementMap":{"0":{"start":{"line":1,"column":21},"end":{"line":1,"column":48}},"1":{"start":{"line":2,"column":8},"end":{"line":2,"column":23}},"2":{"start":{"line":3,"column":11},"end":{"line":3,"column":36}},"3":{"start":{"line":4,"column":17},"end":{"line":4,"column":53}},"4":{"start":{"line":5,"column":22},"end":{"line":5,"column":58}},"5":{"start":{"line":9,"column":2},"end":{"line":9,"column":67}},"6":{"start":{"line":13,"column":24},"end":{"line":13,"column":51}},"7":{"start":{"line":14,"column":17},"end":{"line":14,"column":35}},"8":{"start":{"line":15,"column":16},"end":{"line":16,"column":75}},"9":{"start":{"line":17,"column":2},"end":{"line":17,"column":91}},"10":{"start":{"line":18,"column":2},"end":{"line":25,"column":7}},"11":{"start":{"line":26,"column":2},"end":{"line":26,"column":24}},"12":{"start":{"line":30,"column":24},"end":{"line":30,"column":51}},"13":{"start":{"line":31,"column":15},"end":{"line":32,"column":36}},"14":{"start":{"line":33,"column":2},"end":{"line":34,"column":82}},"15":{"start":{"line":38,"column":0},"end":{"line":38,"column":31}}},"fnMap":{"0":{"name":"(anonymous_0)","decl":{"start":{"line":8,"column":1},"end":{"line":8,"column":2}},"loc":{"start":{"line":8,"column":23},"end":{"line":10,"column":2}},"line":8},"1":{"name":"(anonymous_1)","decl":{"start":{"line":12,"column":1},"end":{"line":12,"column":2}},"loc":{"start":{"line":12,"column":32},"end":{"line":27,"column":2}},"line":12},"2":{"name":"(anonymous_2)","decl":{"start":{"line":29,"column":1},"end":{"line":29,"column":2}},"loc":{"start":{"line":29,"column":18},"end":{"line":35,"column":2}},"line":29}},"branchMap":{"0":{"loc":{"start":{"line":12,"column":18},"end":{"line":12,"column":30}},"type":"default-arg","locations":[{"start":{"line":12,"column":25},"end":{"line":12,"column":30}}],"line":12},"1":{"loc":{"start":{"line":15,"column":16},"end":{"line":16,"column":75}},"type":"binary-expr","locations":[{"start":{"line":15,"column":16},"end":{"line":15,"column":31}},{"start":{"line":15,"column":35},"end":{"line":15,"column":58}},{"start":{"line":16,"column":4},"end":{"line":16,"column":37}},{"start":{"line":16,"column":41},"end":{"line":16,"column":69}},{"start":{"line":16,"column":73},"end":{"line":16,"column":75}}],"line":15},"2":{"loc":{"start":{"line":18,"column":2},"end":{"line":25,"column":6}},"type":"binary-expr","locations":[{"start":{"line":18,"column":2},"end":{"line":18,"column":17}},{"start":{"line":18,"column":21},"end":{"line":18,"column":42}},{"start":{"line":18,"column":46},"end":{"line":18,"column":79}},{"start":{"line":19,"column":3},"end":{"line":25,"column":6}}],"line":18},"3":{"loc":{"start":{"line":31,"column":15},"end":{"line":32,"column":36}},"type":"cond-expr","locations":[{"start":{"line":32,"column":4},"end":{"line":32,"column":29}},{"start":{"line":32,"column":32},"end":{"line":32,"column":36}}],"line":31},"4":{"loc":{"start":{"line":31,"column":15},"end":{"line":31,"column":64}},"type":"binary-expr","locations":[{"start":{"line":31,"column":15},"end":{"line":31,"column":30}},{"start":{"line":31,"column":34},"end":{"line":31,"column":64}}],"line":31},"5":{"loc":{"start":{"line":33,"column":9},"end":{"line":34,"column":81}},"type":"binary-expr","locations":[{"start":{"line":33,"column":9},"end":{"line":33,"column":38}},{"start":{"line":33,"column":42},"end":{"line":33,"column":52}},{"start":{"line":34,"column":4},"end":{"line":34,"column":67}},{"start":{"line":34,"column":72},"end":{"line":34,"column":81}}],"line":33}},"s":{"0":2,"1":2,"2":2,"3":2,"4":2,"5":5,"6":3,"7":3,"8":3,"9":3,"10":3,"11":3,"12":2,"13":2,"14":2,"15":2},"f":{"0":5,"1":3,"2":2},"b":{"0":[3],"1":[3,2,2,2,1],"2":[3,2,2,2],"3":[1,1],"4":[2,2],"5":[2,2,1,1]},"_coverageSchema":"332fd63041d2c1bcb487cc26dd0d5f7d97098a6c","hash":"abb1c6446649b781353745af31c2edb4e58f2640"}
,"/Users/oliver/Documents/Projects/JS/Web/config/server/setting.js": {"path":"/Users/oliver/Documents/Projects/JS/Web/config/server/setting.js","statementMap":{"0":{"start":{"line":1,"column":11},"end":{"line":1,"column":26}},"1":{"start":{"line":2,"column":22},"end":{"line":2,"column":50}},"2":{"start":{"line":3,"column":14},"end":{"line":19,"column":1}},"3":{"start":{"line":21,"column":0},"end":{"line":21,"column":25}}},"fnMap":{},"branchMap":{},"s":{"0":1,"1":1,"2":1,"3":1},"f":{},"b":{},"_coverageSchema":"332fd63041d2c1bcb487cc26dd0d5f7d97098a6c","hash":"c140c44395e2b5a797d471a93f605c26cc18d427"}
,"/Users/oliver/Documents/Projects/JS/Web/config/webpack/loader.js": {"path":"/Users/oliver/Documents/Projects/JS/Web/config/webpack/loader.js","statementMap":{"0":{"start":{"line":1,"column":14},"end":{"line":14,"column":1}},"1":{"start":{"line":15,"column":13},"end":{"line":15,"column":102}},"2":{"start":{"line":17,"column":0},"end":{"line":47,"column":1}},"3":{"start":{"line":19,"column":2},"end":{"line":25,"column":3}},"4":{"start":{"line":28,"column":2},"end":{"line":31,"column":3}},"5":{"start":{"line":34,"column":11},"end":{"line":34,"column":39}},"6":{"start":{"line":35,"column":23},"end":{"line":35,"column":61}},"7":{"start":{"line":36,"column":2},"end":{"line":39,"column":3}},"8":{"start":{"line":42,"column":2},"end":{"line":45,"column":3}}},"fnMap":{"0":{"name":"(anonymous_0)","decl":{"start":{"line":18,"column":8},"end":{"line":18,"column":9}},"loc":{"start":{"line":18,"column":14},"end":{"line":26,"column":2}},"line":18},"1":{"name":"(anonymous_1)","decl":{"start":{"line":27,"column":6},"end":{"line":27,"column":7}},"loc":{"start":{"line":27,"column":12},"end":{"line":32,"column":2}},"line":27},"2":{"name":"(anonymous_2)","decl":{"start":{"line":33,"column":13},"end":{"line":33,"column":14}},"loc":{"start":{"line":33,"column":20},"end":{"line":40,"column":2}},"line":33},"3":{"name":"(anonymous_3)","decl":{"start":{"line":41,"column":9},"end":{"line":41,"column":10}},"loc":{"start":{"line":41,"column":19},"end":{"line":46,"column":2}},"line":41}},"branchMap":{},"s":{"0":2,"1":2,"2":2,"3":2,"4":0,"5":2,"6":2,"7":2,"8":2},"f":{"0":2,"1":0,"2":2,"3":2},"b":{},"_coverageSchema":"332fd63041d2c1bcb487cc26dd0d5f7d97098a6c","hash":"4bdbb29e77bb3834ddc7f1640e35d1687ce55a4a"}
,"/Users/oliver/Documents/Projects/JS/Web/config/webpack/plugins.js": {"path":"/Users/oliver/Documents/Projects/JS/Web/config/webpack/plugins.js","statementMap":{"0":{"start":{"line":1,"column":14},"end":{"line":1,"column":32}},"1":{"start":{"line":3,"column":19},"end":{"line":28,"column":1}},"2":{"start":{"line":5,"column":19},"end":{"line":5,"column":59}},"3":{"start":{"line":6,"column":20},"end":{"line":6,"column":116}},"4":{"start":{"line":10,"column":22},"end":{"line":10,"column":49}},"5":{"start":{"line":13,"column":23},"end":{"line":13,"column":57}},"6":{"start":{"line":14,"column":2},"end":{"line":14,"column":31}},"7":{"start":{"line":17,"column":33},"end":{"line":17,"column":70}},"8":{"start":{"line":18,"column":2},"end":{"line":18,"column":41}},"9":{"start":{"line":21,"column":29},"end":{"line":21,"column":84}},"10":{"start":{"line":22,"column":2},"end":{"line":22,"column":37}},"11":{"start":{"line":25,"column":21},"end":{"line":25,"column":53}},"12":{"start":{"line":26,"column":2},"end":{"line":26,"column":28}},"13":{"start":{"line":30,"column":0},"end":{"line":30,"column":28}}},"fnMap":{"0":{"name":"(anonymous_0)","decl":{"start":{"line":5,"column":13},"end":{"line":5,"column":14}},"loc":{"start":{"line":5,"column":19},"end":{"line":5,"column":59}},"line":5},"1":{"name":"(anonymous_1)","decl":{"start":{"line":6,"column":14},"end":{"line":6,"column":15}},"loc":{"start":{"line":6,"column":20},"end":{"line":6,"column":116}},"line":6},"2":{"name":"(anonymous_2)","decl":{"start":{"line":10,"column":15},"end":{"line":10,"column":16}},"loc":{"start":{"line":10,"column":22},"end":{"line":10,"column":49}},"line":10},"3":{"name":"(anonymous_3)","decl":{"start":{"line":12,"column":9},"end":{"line":12,"column":10}},"loc":{"start":{"line":12,"column":16},"end":{"line":15,"column":2}},"line":12},"4":{"name":"(anonymous_4)","decl":{"start":{"line":16,"column":17},"end":{"line":16,"column":18}},"loc":{"start":{"line":16,"column":24},"end":{"line":19,"column":2}},"line":16},"5":{"name":"(anonymous_5)","decl":{"start":{"line":20,"column":17},"end":{"line":20,"column":18}},"loc":{"start":{"line":20,"column":24},"end":{"line":23,"column":2}},"line":20},"6":{"name":"(anonymous_6)","decl":{"start":{"line":24,"column":15},"end":{"line":24,"column":16}},"loc":{"start":{"line":24,"column":21},"end":{"line":27,"column":2}},"line":24}},"branchMap":{"0":{"loc":{"start":{"line":6,"column":20},"end":{"line":6,"column":116}},"type":"cond-expr","locations":[{"start":{"line":6,"column":51},"end":{"line":6,"column":85}},{"start":{"line":6,"column":88},"end":{"line":6,"column":116}}],"line":6}},"s":{"0":2,"1":2,"2":2,"3":4,"4":2,"5":2,"6":2,"7":2,"8":2,"9":2,"10":2,"11":2,"12":2,"13":2},"f":{"0":2,"1":4,"2":2,"3":2,"4":2,"5":2,"6":2},"b":{"0":[2,2]},"_coverageSchema":"332fd63041d2c1bcb487cc26dd0d5f7d97098a6c","hash":"5bfd6eb6956bbd1b60963029509c90b370771c5c"}
,"/Users/oliver/Documents/Projects/JS/Web/config/webpack/setting.js": {"path":"/Users/oliver/Documents/Projects/JS/Web/config/webpack/setting.js","statementMap":{"0":{"start":{"line":1,"column":11},"end":{"line":1,"column":26}},"1":{"start":{"line":2,"column":22},"end":{"line":2,"column":50}},"2":{"start":{"line":3,"column":17},"end":{"line":3,"column":36}},"3":{"start":{"line":4,"column":17},"end":{"line":4,"column":37}},"4":{"start":{"line":5,"column":0},"end":{"line":94,"column":1}}},"fnMap":{},"branchMap":{},"s":{"0":2,"1":2,"2":2,"3":2,"4":2},"f":{},"b":{},"_coverageSchema":"332fd63041d2c1bcb487cc26dd0d5f7d97098a6c","hash":"f3f834febf8439ae5cd0e252b419fc917dfcd8d6"}
,"/Users/oliver/Documents/Projects/JS/Web/network/server/controllers/BaseController.js": {"path":"/Users/oliver/Documents/Projects/JS/Web/network/server/controllers/BaseController.js","statementMap":{"0":{"start":{"line":1,"column":14},"end":{"line":1,"column":32}},"1":{"start":{"line":9,"column":2},"end":{"line":9,"column":25}},"2":{"start":{"line":10,"column":2},"end":{"line":10,"column":37}},"3":{"start":{"line":17,"column":2},"end":{"line":17,"column":19}},"4":{"start":{"line":23,"column":2},"end":{"line":23,"column":19}},"5":{"start":{"line":29,"column":2},"end":{"line":29,"column":37}},"6":{"start":{"line":36,"column":14},"end":{"line":36,"column":16}},"7":{"start":{"line":36,"column":31},"end":{"line":36,"column":42}},"8":{"start":{"line":36,"column":64},"end":{"line":36,"column":76}},"9":{"start":{"line":37,"column":2},"end":{"line":37,"column":39}},"10":{"start":{"line":42,"column":2},"end":{"line":47,"column":3}},"11":{"start":{"line":43,"column":3},"end":{"line":46,"column":4}},"12":{"start":{"line":44,"column":4},"end":{"line":45,"column":46}},"13":{"start":{"line":48,"column":2},"end":{"line":48,"column":15}},"14":{"start":{"line":55,"column":2},"end":{"line":55,"column":40}},"15":{"start":{"line":63,"column":10},"end":{"line":63,"column":11}},"16":{"start":{"line":63,"column":21},"end":{"line":63,"column":29}},"17":{"start":{"line":63,"column":37},"end":{"line":63,"column":41}},"18":{"start":{"line":63,"column":50},"end":{"line":63,"column":52}},"19":{"start":{"line":63,"column":67},"end":{"line":63,"column":85}},"20":{"start":{"line":64,"column":2},"end":{"line":68,"column":3}},"21":{"start":{"line":65,"column":3},"end":{"line":65,"column":78}},"22":{"start":{"line":66,"column":3},"end":{"line":66,"column":131}},"23":{"start":{"line":67,"column":3},"end":{"line":67,"column":7}},"24":{"start":{"line":69,"column":2},"end":{"line":69,"column":14}},"25":{"start":{"line":76,"column":27},"end":{"line":76,"column":39}},"26":{"start":{"line":76,"column":55},"end":{"line":76,"column":65}},"27":{"start":{"line":77,"column":2},"end":{"line":77,"column":23}},"28":{"start":{"line":78,"column":2},"end":{"line":78,"column":88}},"29":{"start":{"line":88,"column":28},"end":{"line":88,"column":40}},"30":{"start":{"line":89,"column":2},"end":{"line":90,"column":58}},"31":{"start":{"line":91,"column":2},"end":{"line":108,"column":6}},"32":{"start":{"line":94,"column":4},"end":{"line":94,"column":37}},"33":{"start":{"line":95,"column":4},"end":{"line":107,"column":5}},"34":{"start":{"line":96,"column":5},"end":{"line":96,"column":26}},"35":{"start":{"line":97,"column":5},"end":{"line":97,"column":75}},"36":{"start":{"line":99,"column":5},"end":{"line":99,"column":84}},"37":{"start":{"line":100,"column":5},"end":{"line":100,"column":59}},"38":{"start":{"line":101,"column":5},"end":{"line":106,"column":6}},"39":{"start":{"line":102,"column":6},"end":{"line":102,"column":21}},"40":{"start":{"line":104,"column":6},"end":{"line":104,"column":47}},"41":{"start":{"line":105,"column":6},"end":{"line":105,"column":21}},"42":{"start":{"line":112,"column":0},"end":{"line":112,"column":32}}},"fnMap":{"0":{"name":"(anonymous_0)","decl":{"start":{"line":8,"column":1},"end":{"line":8,"column":2}},"loc":{"start":{"line":8,"column":22},"end":{"line":11,"column":2}},"line":8},"1":{"name":"(anonymous_1)","decl":{"start":{"line":16,"column":1},"end":{"line":16,"column":2}},"loc":{"start":{"line":16,"column":15},"end":{"line":18,"column":2}},"line":16},"2":{"name":"(anonymous_2)","decl":{"start":{"line":22,"column":1},"end":{"line":22,"column":2}},"loc":{"start":{"line":22,"column":11},"end":{"line":24,"column":2}},"line":22},"3":{"name":"(anonymous_3)","decl":{"start":{"line":28,"column":1},"end":{"line":28,"column":2}},"loc":{"start":{"line":28,"column":13},"end":{"line":30,"column":2}},"line":28},"4":{"name":"(anonymous_4)","decl":{"start":{"line":35,"column":1},"end":{"line":35,"column":2}},"loc":{"start":{"line":35,"column":19},"end":{"line":49,"column":2}},"line":35},"5":{"name":"(anonymous_5)","decl":{"start":{"line":54,"column":1},"end":{"line":54,"column":2}},"loc":{"start":{"line":54,"column":20},"end":{"line":56,"column":2}},"line":54},"6":{"name":"(anonymous_6)","decl":{"start":{"line":62,"column":1},"end":{"line":62,"column":2}},"loc":{"start":{"line":62,"column":33},"end":{"line":70,"column":2}},"line":62},"7":{"name":"(anonymous_7)","decl":{"start":{"line":75,"column":1},"end":{"line":75,"column":2}},"loc":{"start":{"line":75,"column":24},"end":{"line":79,"column":2}},"line":75},"8":{"name":"(anonymous_8)","decl":{"start":{"line":87,"column":1},"end":{"line":87,"column":2}},"loc":{"start":{"line":87,"column":39},"end":{"line":109,"column":2}},"line":87},"9":{"name":"(anonymous_9)","decl":{"start":{"line":93,"column":3},"end":{"line":93,"column":4}},"loc":{"start":{"line":93,"column":38},"end":{"line":108,"column":4}},"line":93}},"branchMap":{"0":{"loc":{"start":{"line":43,"column":3},"end":{"line":46,"column":4}},"type":"if","locations":[{"start":{"line":43,"column":3},"end":{"line":46,"column":4}},{"start":{"line":43,"column":3},"end":{"line":46,"column":4}}],"line":43},"1":{"loc":{"start":{"line":44,"column":4},"end":{"line":45,"column":45}},"type":"binary-expr","locations":[{"start":{"line":44,"column":5},"end":{"line":44,"column":48}},{"start":{"line":45,"column":6},"end":{"line":45,"column":44}}],"line":44},"2":{"loc":{"start":{"line":55,"column":22},"end":{"line":55,"column":38}},"type":"cond-expr","locations":[{"start":{"line":55,"column":29},"end":{"line":55,"column":33}},{"start":{"line":55,"column":36},"end":{"line":55,"column":38}}],"line":55},"3":{"loc":{"start":{"line":63,"column":67},"end":{"line":63,"column":85}},"type":"cond-expr","locations":[{"start":{"line":63,"column":77},"end":{"line":63,"column":80}},{"start":{"line":63,"column":83},"end":{"line":63,"column":85}}],"line":63},"4":{"loc":{"start":{"line":65,"column":3},"end":{"line":65,"column":77}},"type":"binary-expr","locations":[{"start":{"line":65,"column":3},"end":{"line":65,"column":32}},{"start":{"line":65,"column":37},"end":{"line":65,"column":76}}],"line":65},"5":{"loc":{"start":{"line":66,"column":11},"end":{"line":66,"column":130}},"type":"cond-expr","locations":[{"start":{"line":66,"column":21},"end":{"line":66,"column":76}},{"start":{"line":66,"column":81},"end":{"line":66,"column":129}}],"line":66},"6":{"loc":{"start":{"line":78,"column":9},"end":{"line":78,"column":87}},"type":"cond-expr","locations":[{"start":{"line":78,"column":60},"end":{"line":78,"column":67}},{"start":{"line":78,"column":70},"end":{"line":78,"column":87}}],"line":78},"7":{"loc":{"start":{"line":78,"column":10},"end":{"line":78,"column":56}},"type":"binary-expr","locations":[{"start":{"line":78,"column":10},"end":{"line":78,"column":17}},{"start":{"line":78,"column":21},"end":{"line":78,"column":56}}],"line":78},"8":{"loc":{"start":{"line":89,"column":2},"end":{"line":90,"column":57}},"type":"binary-expr","locations":[{"start":{"line":89,"column":2},"end":{"line":89,"column":29}},{"start":{"line":89,"column":34},"end":{"line":89,"column":104}},{"start":{"line":90,"column":7},"end":{"line":90,"column":56}}],"line":89},"9":{"loc":{"start":{"line":95,"column":4},"end":{"line":107,"column":5}},"type":"if","locations":[{"start":{"line":95,"column":4},"end":{"line":107,"column":5}},{"start":{"line":95,"column":4},"end":{"line":107,"column":5}}],"line":95},"10":{"loc":{"start":{"line":101,"column":5},"end":{"line":106,"column":6}},"type":"if","locations":[{"start":{"line":101,"column":5},"end":{"line":106,"column":6}},{"start":{"line":101,"column":5},"end":{"line":106,"column":6}}],"line":101}},"s":{"0":1,"1":17,"2":17,"3":2,"4":3,"5":1,"6":1,"7":1,"8":1,"9":1,"10":1,"11":13,"12":13,"13":1,"14":2,"15":2,"16":2,"17":2,"18":2,"19":2,"20":2,"21":8,"22":8,"23":8,"24":2,"25":3,"26":3,"27":3,"28":3,"29":4,"30":4,"31":4,"32":4,"33":4,"34":1,"35":1,"36":3,"37":3,"38":3,"39":2,"40":1,"41":1,"42":1},"f":{"0":17,"1":2,"2":3,"3":1,"4":1,"5":2,"6":2,"7":3,"8":4,"9":4},"b":{"0":[13,0],"1":[13,3],"2":[1,1],"3":[1,1],"4":[8,2],"5":[2,6],"6":[1,2],"7":[3,2],"8":[4,3,1],"9":[1,3],"10":[2,1]},"_coverageSchema":"332fd63041d2c1bcb487cc26dd0d5f7d97098a6c","hash":"9f9776acab59187a51b61af4f242ed829ac429ca"}
,"/Users/oliver/Documents/Projects/JS/Web/utils/CookieHelp.js": {"path":"/Users/oliver/Documents/Projects/JS/Web/utils/CookieHelp.js","statementMap":{"0":{"start":{"line":5,"column":17},"end":{"line":98,"column":1}},"1":{"start":{"line":11,"column":2},"end":{"line":13,"column":3}},"2":{"start":{"line":12,"column":3},"end":{"line":12,"column":50}},"3":{"start":{"line":14,"column":2},"end":{"line":14,"column":20}},"4":{"start":{"line":15,"column":2},"end":{"line":15,"column":23}},"5":{"start":{"line":23,"column":2},"end":{"line":32,"column":3}},"6":{"start":{"line":24,"column":15},"end":{"line":24,"column":42}},"7":{"start":{"line":25,"column":3},"end":{"line":29,"column":4}},"8":{"start":{"line":26,"column":4},"end":{"line":26,"column":25}},"9":{"start":{"line":28,"column":4},"end":{"line":28,"column":38}},"10":{"start":{"line":31,"column":3},"end":{"line":31,"column":65}},"11":{"start":{"line":41,"column":2},"end":{"line":41,"column":63}},"12":{"start":{"line":42,"column":2},"end":{"line":42,"column":59}},"13":{"start":{"line":45,"column":2},"end":{"line":45,"column":36}},"14":{"start":{"line":52,"column":2},"end":{"line":65,"column":3}},"15":{"start":{"line":53,"column":17},"end":{"line":53,"column":58}},"16":{"start":{"line":54,"column":3},"end":{"line":64,"column":4}},"17":{"start":{"line":55,"column":20},"end":{"line":55,"column":35}},"18":{"start":{"line":56,"column":4},"end":{"line":56,"column":63}},"19":{"start":{"line":57,"column":16},"end":{"line":57,"column":38}},"20":{"start":{"line":58,"column":4},"end":{"line":58,"column":36}},"21":{"start":{"line":59,"column":4},"end":{"line":61,"column":5}},"22":{"start":{"line":60,"column":5},"end":{"line":60,"column":30}},"23":{"start":{"line":62,"column":16},"end":{"line":62,"column":51}},"24":{"start":{"line":63,"column":4},"end":{"line":63,"column":28}},"25":{"start":{"line":66,"column":2},"end":{"line":66,"column":14}},"26":{"start":{"line":69,"column":2},"end":{"line":69,"column":53}},"27":{"start":{"line":70,"column":2},"end":{"line":70,"column":28}},"28":{"start":{"line":73,"column":10},"end":{"line":73,"column":12}},"29":{"start":{"line":74,"column":2},"end":{"line":78,"column":3}},"30":{"start":{"line":75,"column":3},"end":{"line":75,"column":13}},"31":{"start":{"line":77,"column":3},"end":{"line":77,"column":28}},"32":{"start":{"line":80,"column":2},"end":{"line":82,"column":60}},"33":{"start":{"line":83,"column":13},"end":{"line":83,"column":30}},"34":{"start":{"line":84,"column":12},"end":{"line":84,"column":22}},"35":{"start":{"line":85,"column":2},"end":{"line":85,"column":58}},"36":{"start":{"line":86,"column":2},"end":{"line":86,"column":91}},"37":{"start":{"line":91,"column":13},"end":{"line":91,"column":52}},"38":{"start":{"line":92,"column":2},"end":{"line":96,"column":3}},"39":{"start":{"line":93,"column":3},"end":{"line":95,"column":4}},"40":{"start":{"line":94,"column":4},"end":{"line":94,"column":73}},"41":{"start":{"line":99,"column":0},"end":{"line":99,"column":28}}},"fnMap":{},"branchMap":{"0":{"loc":{"start":{"line":11,"column":2},"end":{"line":13,"column":3}},"type":"if","locations":[{"start":{"line":11,"column":2},"end":{"line":13,"column":3}},{"start":{"line":11,"column":2},"end":{"line":13,"column":3}}],"line":11},"1":{"loc":{"start":{"line":23,"column":2},"end":{"line":32,"column":3}},"type":"if","locations":[{"start":{"line":23,"column":2},"end":{"line":32,"column":3}},{"start":{"line":23,"column":2},"end":{"line":32,"column":3}}],"line":23},"2":{"loc":{"start":{"line":25,"column":3},"end":{"line":29,"column":4}},"type":"if","locations":[{"start":{"line":25,"column":3},"end":{"line":29,"column":4}},{"start":{"line":25,"column":3},"end":{"line":29,"column":4}}],"line":25},"3":{"loc":{"start":{"line":25,"column":7},"end":{"line":25,"column":41}},"type":"binary-expr","locations":[{"start":{"line":25,"column":7},"end":{"line":25,"column":31}},{"start":{"line":25,"column":35},"end":{"line":25,"column":41}}],"line":25},"4":{"loc":{"start":{"line":31,"column":19},"end":{"line":31,"column":64}},"type":"cond-expr","locations":[{"start":{"line":31,"column":49},"end":{"line":31,"column":57}},{"start":{"line":31,"column":60},"end":{"line":31,"column":64}}],"line":31},"5":{"loc":{"start":{"line":52,"column":2},"end":{"line":65,"column":3}},"type":"if","locations":[{"start":{"line":52,"column":2},"end":{"line":65,"column":3}},{"start":{"line":52,"column":2},"end":{"line":65,"column":3}}],"line":52},"6":{"loc":{"start":{"line":54,"column":3},"end":{"line":64,"column":4}},"type":"if","locations":[{"start":{"line":54,"column":3},"end":{"line":64,"column":4}},{"start":{"line":54,"column":3},"end":{"line":64,"column":4}}],"line":54},"7":{"loc":{"start":{"line":59,"column":4},"end":{"line":61,"column":5}},"type":"if","locations":[{"start":{"line":59,"column":4},"end":{"line":61,"column":5}},{"start":{"line":59,"column":4},"end":{"line":61,"column":5}}],"line":59},"8":{"loc":{"start":{"line":69,"column":23},"end":{"line":69,"column":52}},"type":"binary-expr","locations":[{"start":{"line":69,"column":23},"end":{"line":69,"column":30}},{"start":{"line":69,"column":34},"end":{"line":69,"column":52}}],"line":69},"9":{"loc":{"start":{"line":74,"column":2},"end":{"line":78,"column":3}},"type":"if","locations":[{"start":{"line":74,"column":2},"end":{"line":78,"column":3}},{"start":{"line":74,"column":2},"end":{"line":78,"column":3}}],"line":74},"10":{"loc":{"start":{"line":80,"column":2},"end":{"line":82,"column":59}},"type":"cond-expr","locations":[{"start":{"line":80,"column":19},"end":{"line":82,"column":49}},{"start":{"line":82,"column":53},"end":{"line":82,"column":59}}],"line":80},"11":{"loc":{"start":{"line":83,"column":13},"end":{"line":83,"column":30}},"type":"cond-expr","locations":[{"start":{"line":83,"column":20},"end":{"line":83,"column":24}},{"start":{"line":83,"column":27},"end":{"line":83,"column":30}}],"line":83},"12":{"loc":{"start":{"line":92,"column":2},"end":{"line":96,"column":3}},"type":"if","locations":[{"start":{"line":92,"column":2},"end":{"line":96,"column":3}},{"start":{"line":92,"column":2},"end":{"line":96,"column":3}}],"line":92}},"s":{"0":1,"1":4,"2":2,"3":4,"4":4,"5":4,"6":2,"7":2,"8":1,"9":1,"10":2,"11":2,"12":2,"13":1,"14":5,"15":3,"16":3,"17":3,"18":3,"19":3,"20":3,"21":3,"22":3,"23":3,"24":3,"25":2,"26":7,"27":7,"28":4,"29":4,"30":2,"31":2,"32":4,"33":4,"34":4,"35":4,"36":4,"37":2,"38":2,"39":1,"40":2,"41":1},"f":{},"b":{"0":[2,2],"1":[2,2],"2":[1,1],"3":[2,2],"4":[1,1],"5":[3,2],"6":[3,0],"7":[3,0],"8":[7,7],"9":[2,2],"10":[0,4],"11":[2,2],"12":[1,1]},"_coverageSchema":"332fd63041d2c1bcb487cc26dd0d5f7d97098a6c","hash":"a2b625ea60ccdca15772118af351762577dfc096"}
}
