TN:
SF:/Users/oliver/Documents/Projects/JS/Web/apin.test.config.js
FNF:0
FNH:0
LF:0
LH:0
BRF:0
BRH:0
end_of_record
TN:
SF:/Users/oliver/Documents/Projects/JS/Web/api/ApiTool.js
FN:5,(anonymous_0)
FN:9,(anonymous_1)
FN:13,(anonymous_2)
FNF:3
FNH:3
FNDA:9,(anonymous_0)
FNDA:1,(anonymous_1)
FNDA:1,(anonymous_2)
DA:1,8
DA:3,8
DA:5,8
DA:6,9
DA:9,8
DA:10,1
DA:13,8
DA:14,1
DA:17,8
LF:9
LH:9
BRF:0
BRH:0
end_of_record
TN:
SF:/Users/oliver/Documents/Projects/JS/Web/api/ExternalConfig.js
FNF:0
FNH:0
DA:1,4
DA:2,4
DA:3,4
DA:5,4
DA:7,4
DA:8,1
DA:10,3
DA:11,3
DA:13,3
DA:14,15
DA:15,15
DA:16,15
DA:17,1
DA:18,1
DA:19,1
DA:20,1
DA:22,14
DA:24,3
DA:26,2
DA:29,3
DA:33,4
LF:21
LH:21
BRDA:7,0,0,1
BRDA:7,0,1,3
BRDA:10,1,0,0
BRDA:10,1,1,3
BRDA:14,2,0,15
BRDA:14,2,1,7
BRDA:16,3,0,1
BRDA:16,3,1,14
BRDA:24,4,0,2
BRDA:24,4,1,1
BRDA:29,5,0,3
BRDA:29,5,1,2
BRF:12
BRH:11
end_of_record
TN:
SF:/Users/oliver/Documents/Projects/JS/Web/api/ServerConfig.js
FN:5,(anonymous_0)
FNF:1
FNH:1
FNDA:2,(anonymous_0)
DA:1,1
DA:2,1
DA:7,2
DA:8,2
DA:14,1
LF:5
LH:5
BRDA:8,0,0,1
BRDA:8,0,1,1
BRF:2
BRH:2
end_of_record
TN:
SF:/Users/oliver/Documents/Projects/JS/Web/api/WebpackConfig.js
FN:8,(anonymous_0)
FN:12,(anonymous_1)
FN:29,(anonymous_2)
FNF:3
FNH:3
FNDA:5,(anonymous_0)
FNDA:3,(anonymous_1)
FNDA:2,(anonymous_2)
DA:1,2
DA:2,2
DA:3,2
DA:4,2
DA:5,2
DA:9,5
DA:13,3
DA:14,3
DA:15,3
DA:17,3
DA:18,3
DA:26,3
DA:30,2
DA:31,2
DA:33,2
DA:38,2
LF:16
LH:16
BRDA:12,0,0,3
BRDA:15,1,0,3
BRDA:15,1,1,2
BRDA:15,1,2,2
BRDA:15,1,3,2
BRDA:15,1,4,1
BRDA:18,2,0,3
BRDA:18,2,1,2
BRDA:18,2,2,2
BRDA:18,2,3,2
BRDA:31,3,0,1
BRDA:31,3,1,1
BRDA:31,4,0,2
BRDA:31,4,1,2
BRDA:33,5,0,2
BRDA:33,5,1,2
BRDA:33,5,2,1
BRDA:33,5,3,1
BRF:18
BRH:18
end_of_record
TN:
SF:/Users/oliver/Documents/Projects/JS/Web/config/server/setting.js
FNF:0
FNH:0
DA:1,1
DA:2,1
DA:3,1
DA:21,1
LF:4
LH:4
BRF:0
BRH:0
end_of_record
TN:
SF:/Users/oliver/Documents/Projects/JS/Web/config/webpack/loader.js
FN:18,(anonymous_0)
FN:27,(anonymous_1)
FN:33,(anonymous_2)
FN:41,(anonymous_3)
FNF:4
FNH:3
FNDA:2,(anonymous_0)
FNDA:0,(anonymous_1)
FNDA:2,(anonymous_2)
FNDA:2,(anonymous_3)
DA:1,2
DA:15,2
DA:17,2
DA:19,2
DA:28,0
DA:34,2
DA:35,2
DA:36,2
DA:42,2
LF:9
LH:8
BRF:0
BRH:0
end_of_record
TN:
SF:/Users/oliver/Documents/Projects/JS/Web/config/webpack/plugins.js
FN:5,(anonymous_0)
FN:6,(anonymous_1)
FN:10,(anonymous_2)
FN:12,(anonymous_3)
FN:16,(anonymous_4)
FN:20,(anonymous_5)
FN:24,(anonymous_6)
FNF:7
FNH:7
FNDA:2,(anonymous_0)
FNDA:4,(anonymous_1)
FNDA:2,(anonymous_2)
FNDA:2,(anonymous_3)
FNDA:2,(anonymous_4)
FNDA:2,(anonymous_5)
FNDA:2,(anonymous_6)
DA:1,2
DA:3,2
DA:5,2
DA:6,4
DA:10,2
DA:13,2
DA:14,2
DA:17,2
DA:18,2
DA:21,2
DA:22,2
DA:25,2
DA:26,2
DA:30,2
LF:14
LH:14
BRDA:6,0,0,2
BRDA:6,0,1,2
BRF:2
BRH:2
end_of_record
TN:
SF:/Users/oliver/Documents/Projects/JS/Web/config/webpack/setting.js
FNF:0
FNH:0
DA:1,2
DA:2,2
DA:3,2
DA:4,2
DA:5,2
LF:5
LH:5
BRF:0
BRH:0
end_of_record
TN:
SF:/Users/oliver/Documents/Projects/JS/Web/network/server/controllers/BaseController.js
FN:8,(anonymous_0)
FN:16,(anonymous_1)
FN:22,(anonymous_2)
FN:28,(anonymous_3)
FN:35,(anonymous_4)
FN:54,(anonymous_5)
FN:62,(anonymous_6)
FN:75,(anonymous_7)
FN:87,(anonymous_8)
FN:93,(anonymous_9)
FNF:10
FNH:10
FNDA:17,(anonymous_0)
FNDA:2,(anonymous_1)
FNDA:3,(anonymous_2)
FNDA:1,(anonymous_3)
FNDA:1,(anonymous_4)
FNDA:2,(anonymous_5)
FNDA:2,(anonymous_6)
FNDA:3,(anonymous_7)
FNDA:4,(anonymous_8)
FNDA:4,(anonymous_9)
DA:1,1
DA:9,17
DA:10,17
DA:17,2
DA:23,3
DA:29,1
DA:36,1
DA:37,1
DA:42,1
DA:43,13
DA:44,13
DA:48,1
DA:55,2
DA:63,2
DA:64,2
DA:65,8
DA:66,8
DA:67,8
DA:69,2
DA:76,3
DA:77,3
DA:78,3
DA:88,4
DA:89,4
DA:91,4
DA:94,4
DA:95,4
DA:96,1
DA:97,1
DA:99,3
DA:100,3
DA:101,3
DA:102,2
DA:104,1
DA:105,1
DA:112,1
LF:36
LH:36
BRDA:43,0,0,13
BRDA:43,0,1,0
BRDA:44,1,0,13
BRDA:44,1,1,3
BRDA:55,2,0,1
BRDA:55,2,1,1
BRDA:63,3,0,1
BRDA:63,3,1,1
BRDA:65,4,0,8
BRDA:65,4,1,2
BRDA:66,5,0,2
BRDA:66,5,1,6
BRDA:78,6,0,1
BRDA:78,6,1,2
BRDA:78,7,0,3
BRDA:78,7,1,2
BRDA:89,8,0,4
BRDA:89,8,1,3
BRDA:89,8,2,1
BRDA:95,9,0,1
BRDA:95,9,1,3
BRDA:101,10,0,2
BRDA:101,10,1,1
BRF:23
BRH:22
end_of_record
TN:
SF:/Users/oliver/Documents/Projects/JS/Web/utils/CookieHelp.js
FNF:0
FNH:0
DA:5,1
DA:11,4
DA:12,2
DA:14,4
DA:15,4
DA:23,4
DA:24,2
DA:25,2
DA:26,1
DA:28,1
DA:31,2
DA:41,2
DA:42,2
DA:45,1
DA:52,5
DA:53,3
DA:54,3
DA:55,3
DA:56,3
DA:57,3
DA:58,3
DA:59,3
DA:60,3
DA:62,3
DA:63,3
DA:66,2
DA:69,7
DA:70,7
DA:73,4
DA:74,4
DA:75,2
DA:77,2
DA:80,4
DA:83,4
DA:84,4
DA:85,4
DA:86,4
DA:91,2
DA:92,2
DA:93,1
DA:94,2
DA:99,1
LF:42
LH:42
BRDA:11,0,0,2
BRDA:11,0,1,2
BRDA:23,1,0,2
BRDA:23,1,1,2
BRDA:25,2,0,1
BRDA:25,2,1,1
BRDA:25,3,0,2
BRDA:25,3,1,2
BRDA:31,4,0,1
BRDA:31,4,1,1
BRDA:52,5,0,3
BRDA:52,5,1,2
BRDA:54,6,0,3
BRDA:54,6,1,0
BRDA:59,7,0,3
BRDA:59,7,1,0
BRDA:69,8,0,7
BRDA:69,8,1,7
BRDA:74,9,0,2
BRDA:74,9,1,2
BRDA:80,10,0,0
BRDA:80,10,1,4
BRDA:83,11,0,2
BRDA:83,11,1,2
BRDA:92,12,0,1
BRDA:92,12,1,1
BRF:26
BRH:23
end_of_record
